Symbol range map extraction starting
Processing 130 files
processing org\brutality\BrutalityClient.java
processing org\brutality\commands\Command.java
processing org\brutality\commands\CommandManager.java
processing org\brutality\commands\impl\BindCommand.java
processing org\brutality\events\Event.java
processing org\brutality\events\EventBase.java
processing org\brutality\events\EventListener.java
processing org\brutality\events\EventManager.java
processing org\brutality\events\EventTarget.java
processing org\brutality\events\JumpEvent.java
processing org\brutality\events\ModEvent.java
processing org\brutality\events\PartialRenderTickEvent.java
processing org\brutality\events\PostInputEvent.java
processing org\brutality\events\PostMotionEvent.java
processing org\brutality\events\PostUpdateEvent.java
processing org\brutality\events\PreMotionEvent.java
processing org\brutality\events\PrePlayerInput.java
processing org\brutality\events\PreUpdateEvent.java
processing org\brutality\events\ReceivePacketEvent.java
processing org\brutality\events\RenderLivingEvent.java
processing org\brutality\events\SendPacketEvent.java
processing org\brutality\events\SlowDownEvent.java
processing org\brutality\events\listeners\BlurEvent.java
processing org\brutality\events\listeners\EventKey.java
processing org\brutality\events\listeners\EventMotion.java
processing org\brutality\events\listeners\EventPacketReceive.java
processing org\brutality\events\listeners\EventPacketSend.java
processing org\brutality\events\listeners\EventRender2D.java
processing org\brutality\events\listeners\EventRender3D.java
processing org\brutality\events\listeners\EventRenderGUI.java
processing org\brutality\events\listeners\EventRenderWorld.java
processing org\brutality\events\listeners\EventUpdate.java
processing org\brutality\events\network\EventSendPacket.java
processing org\brutality\module\Category.java
processing org\brutality\module\Module.java
processing org\brutality\module\ModuleManager.java
processing org\brutality\module\impl\World\AntiBot.java
processing org\brutality\module\impl\combat\AimAssist.java
processing org\brutality\module\impl\combat\AutoClicker.java
processing org\brutality\module\impl\combat\KillAura.java
processing org\brutality\module\impl\combat\Velocity.java
processing org\brutality\module\impl\harrys\AutoGrinder.java
processing org\brutality\module\impl\harrys\Gamble.java
processing org\brutality\module\impl\harrys\MeteoriteTracker.java
processing org\brutality\module\impl\hypixel\Tracker.java
processing org\brutality\module\impl\misc\ModuleSound.java
processing org\brutality\module\impl\move\Fly.java
processing org\brutality\module\impl\move\KeepSprint.java
processing org\brutality\module\impl\move\LongJump.java
processing org\brutality\module\impl\move\NoSlow.java
processing org\brutality\module\impl\move\Speed.java
processing org\brutality\module\impl\move\Sprint.java
processing org\brutality\module\impl\pit\AutoAura.java
processing org\brutality\module\impl\pit\AutoEgg.java
processing org\brutality\module\impl\pit\AutoSpawn.java
processing org\brutality\module\impl\pit\AutoSteak.java
processing org\brutality\module\impl\pit\BountyList.java
processing org\brutality\module\impl\pit\CakeAura.java
processing org\brutality\module\impl\pit\DarkList.java
processing org\brutality\module\impl\pit\Events.java
processing org\brutality\module\impl\pit\Focus.java
processing org\brutality\module\impl\pit\PitSwap.java
processing org\brutality\module\impl\pit\SewerESP.java
processing org\brutality\module\impl\pit\SharkDamage.java
processing org\brutality\module\impl\pit\SlotSwap.java
processing org\brutality\module\impl\pit\SogeSwap.java
processing org\brutality\module\impl\pit\TelebowTimer.java
processing org\brutality\module\impl\pit\VenomedNotifications.java
processing org\brutality\module\impl\pit\VenomedTimer.java
processing org\brutality\module\impl\pit\WhoGotDogged.java
processing org\brutality\module\impl\player\Blink.java
processing org\brutality\module\impl\player\FakeLag.java
processing org\brutality\module\impl\player\FastPlace.java
processing org\brutality\module\impl\player\Freecam.java
processing org\brutality\module\impl\player\Friends.java
processing org\brutality\module\impl\player\KOS.java
processing org\brutality\module\impl\player\NoHurtCam.java
processing org\brutality\module\impl\player\Scaffold.java
processing org\brutality\module\impl\render\Chams.java
processing org\brutality\module\impl\render\ChestESP.java
processing org\brutality\module\impl\render\ClickGuiModule.java
processing org\brutality\module\impl\render\HUD.java
processing org\brutality\module\impl\render\Health.java
processing org\brutality\module\impl\render\Interface.java
processing org\brutality\module\impl\render\NameTag.java
processing org\brutality\notifications\NotificationManager.java
processing org\brutality\settings\Setting.java
processing org\brutality\settings\SettingsManager.java
processing org\brutality\settings\impl\BooleanSetting.java
processing org\brutality\settings\impl\ButtonSetting.java
processing org\brutality\settings\impl\ColorPicker.java
processing org\brutality\settings\impl\ColorSetting.java
processing org\brutality\settings\impl\ExtendableSetting.java
processing org\brutality\settings\impl\InputSetting.java
processing org\brutality\settings\impl\Mode.java
processing org\brutality\settings\impl\ModeSetting.java
processing org\brutality\settings\impl\MultiBooleanSetting.java
processing org\brutality\settings\impl\NumberSetting.java
processing org\brutality\settings\impl\NumberSettingForScale.java
processing org\brutality\settings\impl\SimpleModeSetting.java
processing org\brutality\ui\clickGui\ClickGui.java
processing org\brutality\ui\font\CustomFontRenderer.java
processing org\brutality\ui\font\FontCharacter.java
processing org\brutality\ui\font\FontManager.java
processing org\brutality\utils\BlockUtils.java
processing org\brutality\utils\Colors.java
processing org\brutality\utils\EntityUtils.java
processing org\brutality\utils\HUDUtils.java
processing org\brutality\utils\InterfaceUtils.java
processing org\brutality\utils\InventoryUtils.java
processing org\brutality\utils\NameTagRenderUtils.java
processing org\brutality\utils\PacketUtils.java
processing org\brutality\utils\PlayerUtils.java
processing org\brutality\utils\Reflection.java
processing org\brutality\utils\ReflectionUtils.java
processing org\brutality\utils\RenderUtils.java
processing org\brutality\utils\RenderingTelebow.java
processing org\brutality\utils\RotationUtils.java
processing org\brutality\utils\TimeHelper.java
processing org\brutality\utils\Timer.java
processing org\brutality\utils\TimerUtils.java
processing org\brutality\utils\Utils.java
processing org\brutality\utils\Wrapper.java
processing org\brutality\utils\exceptions\NotImplementedException.java
processing org\brutality\utils\interfaces\MC.java
processing org\brutality\utils\interfaces\MM.java
processing org\brutality\utils\interfaces\SM.java
processing org\brutality\utils\math\MathUtil.java
processing org\brutality\utils\render\GuiUtil.java
processing org\brutality\utils\render\RenderUtil.java
