[21:33:27] [Client thread/INFO]: Setting user: Player468
[21:33:31] [Client thread/INFO]: LWJGL Version: 2.9.4
[21:33:38] [Client thread/INFO]: Reloading ResourceManager: Default, FMLFileResourcePack:Forge Mod Loader, FMLFileResourcePack:Minecraft Forge, FMLFileResourcePack:Brutalityclient
[21:33:38] [Sound Library Loader/INFO]: Starting up SoundSystem...
[21:33:38] [Thread-9/INFO]: Initializing LWJGL OpenAL
[21:33:38] [Thread-9/INFO]: (The LWJGL binding of OpenAL.  For more information, see http://www.lwjgl.org)
[21:33:39] [Thread-9/INFO]: OpenAL initialized.
[21:33:39] [Sound Library Loader/INFO]: Sound engine started
[21:33:47] [Client thread/INFO]: Created: 16x16 textures-atlas
[21:33:56] [Client thread/INFO]: Reloading ResourceManager: Default, FMLFileResourcePack:Forge Mod Loader, FMLFileResourcePack:Minecraft Forge, FMLFileResourcePack:Brutalityclient
[21:33:56] [Client thread/INFO]: SoundSystem shutting down...
[21:33:56] [Client thread/WARN]: Author: Paul Lamb, www.paulscode.com
[21:33:56] [Sound Library Loader/INFO]: Starting up SoundSystem...
[21:33:56] [Thread-13/INFO]: Initializing LWJGL OpenAL
[21:33:56] [Thread-13/INFO]: (The LWJGL binding of OpenAL.  For more information, see http://www.lwjgl.org)
[21:33:56] [Thread-13/INFO]: OpenAL initialized.
[21:33:56] [Sound Library Loader/INFO]: Sound engine started
[21:34:03] [Client thread/INFO]: Created: 512x512 textures-atlas
[21:34:15] [Server thread/INFO]: Starting integrated minecraft server version 1.8.9
[21:34:15] [Server thread/INFO]: Generating keypair
[21:34:15] [Server thread/INFO]: Preparing start region for level 0
[21:34:16] [Server thread/INFO]: Changing view distance to 8, from 10
[21:34:17] [Server thread/INFO]: Player468[local:E:18acfe3d] logged in with entity id 27 at (383.5183272497812, 4.0, 105.34251439661179)
[21:34:17] [Server thread/INFO]: Player468 joined the game
[21:34:22] [Server thread/INFO]: Player468 has just earned the achievement [Taking Inventory]
[21:34:22] [Client thread/INFO]: [CHAT] Player468 has just earned the achievement [Taking Inventory]
[21:34:33] [Client thread/INFO]: [CHAT] §4[BRUTALITY]§r Enabled ClickGui
[21:34:33] [Client thread/INFO]: [CHAT] §4[BRUTALITY]§r Disabled ClickGui
[21:34:33] [Server thread/INFO]: Saving and pausing game...
[21:34:33] [Server thread/INFO]: Saving chunks for level 'God'/Overworld
[21:34:33] [Server thread/INFO]: Saving chunks for level 'God'/Nether
[21:34:33] [Server thread/INFO]: Saving chunks for level 'God'/The End
[21:34:35] [Server thread/INFO]: [Player468: Set own game mode to Survival Mode]
[21:34:35] [Client thread/INFO]: [CHAT] Your game mode has been updated
[21:34:38] [Client thread/INFO]: [CHAT] §4[BRUTALITY]§r Enabled ClickGui
[21:34:38] [Client thread/INFO]: [CHAT] §4[BRUTALITY]§r Disabled ClickGui
[21:34:38] [Server thread/INFO]: Saving and pausing game...
[21:34:38] [Server thread/INFO]: Saving chunks for level 'God'/Overworld
[21:34:38] [Server thread/INFO]: Saving chunks for level 'God'/Nether
[21:34:38] [Server thread/INFO]: Saving chunks for level 'God'/The End
[21:34:39] [Client thread/WARN]: Unable to play unknown soundEvent: minecraft:mob.attack
[21:34:40] [Client thread/WARN]: Unable to play unknown soundEvent: minecraft:mob.attack
[21:34:40] [Server thread/INFO]: [Player468: Set game difficulty to Peaceful]
[21:34:40] [Client thread/INFO]: [CHAT] Set game difficulty to Peaceful
[21:34:45] [Server thread/INFO]: [Player468: Set own game mode to Creative Mode]
[21:34:45] [Client thread/INFO]: [CHAT] Your game mode has been updated
[21:35:26] [Client thread/INFO]: [CHAT] Your game mode has been updated
[21:35:26] [Server thread/INFO]: [Player468: Set own game mode to Survival Mode]
[21:35:29] [Server thread/INFO]: Saving and pausing game...
[21:35:29] [Server thread/INFO]: Saving chunks for level 'God'/Overworld
[21:35:29] [Server thread/INFO]: Saving chunks for level 'God'/Nether
[21:35:29] [Server thread/INFO]: Saving chunks for level 'God'/The End
[21:35:35] [Server thread/INFO]: [Player468: Set own game mode to Creative Mode]
[21:35:35] [Client thread/INFO]: [CHAT] Your game mode has been updated
[21:35:35] [Client thread/INFO]: [CHAT] §4[BRUTALITY]§r Enabled ClickGui
[21:35:35] [Client thread/INFO]: [CHAT] §4[BRUTALITY]§r Disabled ClickGui
[21:35:35] [Server thread/INFO]: Saving and pausing game...
[21:35:35] [Server thread/INFO]: Saving chunks for level 'God'/Overworld
[21:35:35] [Server thread/INFO]: Saving chunks for level 'God'/Nether
[21:35:35] [Server thread/INFO]: Saving chunks for level 'God'/The End
[21:35:37] [Client thread/INFO]: [CHAT] §4[BRUTALITY]§r Enabled PitSwap
[21:35:37] [Client thread/INFO]: [CHAT] §4[BRUTALITY]§r Disabled PitSwap
[21:35:39] [Client thread/INFO]: [CHAT] §4[BRUTALITY]§r Enabled ClickGui
[21:35:39] [Client thread/INFO]: [CHAT] §4[BRUTALITY]§r Disabled ClickGui
[21:35:39] [Server thread/INFO]: Saving and pausing game...
[21:35:39] [Server thread/INFO]: Saving chunks for level 'God'/Overworld
[21:35:39] [Server thread/INFO]: Saving chunks for level 'God'/Nether
[21:35:39] [Server thread/INFO]: Saving chunks for level 'God'/The End
[21:35:40] [Client thread/INFO]: [CHAT] §4[BRUTALITY]§r Enabled Legs Swapper
