[00:04:10] [Client thread/INFO]: Setting user: Player734
[00:04:12] [Client thread/INFO]: LWJGL Version: 2.9.4
[00:04:18] [Client thread/INFO]: Reloading ResourceManager: Default, FMLFileResourcePack:Forge Mod Loader, FMLFileResourcePack:Minecraft Forge, FMLFileResourcePack:Brutalityclient
[00:04:19] [Sound Library Loader/INFO]: Starting up SoundSystem...
[00:04:19] [Thread-9/INFO]: Initializing LWJGL OpenAL
[00:04:19] [Thread-9/INFO]: (The LWJGL binding of OpenAL.  For more information, see http://www.lwjgl.org)
[00:04:20] [Thread-9/INFO]: OpenAL initialized.
[00:04:20] [Sound Library Loader/INFO]: Sound engine started
[00:04:31] [Client thread/INFO]: Created: 16x16 textures-atlas
[00:04:35] [Client thread/INFO]: Reloading ResourceManager: Default, FMLFileResourcePack:Forge Mod Loader, FMLFileResourcePack:Minecraft Forge, FMLFileResourcePack:Brutalityclient
[00:04:35] [Client thread/INFO]: SoundSystem shutting down...
[00:04:35] [Client thread/WARN]: Author: Paul Lamb, www.paulscode.com
[00:04:35] [Sound Library Loader/INFO]: Starting up SoundSystem...
[00:04:35] [Thread-13/INFO]: Initializing LWJGL OpenAL
[00:04:35] [Thread-13/INFO]: (The LWJGL binding of OpenAL.  For more information, see http://www.lwjgl.org)
[00:04:35] [Thread-13/INFO]: OpenAL initialized.
[00:04:36] [Sound Library Loader/INFO]: Sound engine started
[00:04:40] [Client thread/INFO]: Created: 512x512 textures-atlas
[00:05:34] [Server thread/INFO]: Starting integrated minecraft server version 1.8.9
[00:05:34] [Server thread/INFO]: Generating keypair
[00:05:34] [Server thread/INFO]: Preparing start region for level 0
[00:05:35] [Server thread/INFO]: Changing view distance to 8, from 10
[00:05:37] [Server thread/INFO]: Player734[local:E:b7e740f1] logged in with entity id 301 at (-387.8082545000159, 4.0, -2017.198394637915)
[00:05:37] [Server thread/INFO]: Player734 joined the game
[00:05:42] [Client thread/INFO]: [CHAT] §4[BRUTALITY]§r Enabled ClickGui
[00:05:42] [Client thread/INFO]: [CHAT] §4[BRUTALITY]§r Disabled ClickGui
[00:05:42] [Server thread/INFO]: Saving and pausing game...
[00:05:42] [Server thread/INFO]: Saving chunks for level 'God'/Overworld
[00:05:43] [Server thread/INFO]: Saving chunks for level 'God'/Nether
[00:05:43] [Server thread/INFO]: Saving chunks for level 'God'/The End
[00:05:46] [Client thread/INFO]: [CHAT] §4[BRUTALITY]§r Enabled KillAura
[00:05:52] [Client thread/INFO]: [CHAT] §4[BRUTALITY]§r Enabled ClickGui
[00:05:52] [Client thread/INFO]: [CHAT] §4[BRUTALITY]§r Disabled ClickGui
[00:05:52] [Server thread/INFO]: Saving and pausing game...
[00:05:52] [Server thread/INFO]: Saving chunks for level 'God'/Overworld
[00:05:53] [Server thread/INFO]: Saving chunks for level 'God'/Nether
[00:05:53] [Server thread/INFO]: Saving chunks for level 'God'/The End
[00:05:56] [Server thread/INFO]: Player734 has just earned the achievement [Taking Inventory]
[00:05:56] [Client thread/INFO]: [CHAT] Player734 has just earned the achievement [Taking Inventory]
